<?xml version="1.0" encoding="utf-8"?><testsuites name="pytest tests"><testsuite name="pytest" errors="0" failures="1" skipped="0" tests="7" time="8.946" timestamp="2026-09-24T14:11:18.224811+00:00" hostname="agent-env-e0f5df82-8b9e-473e-a09e-a8c463c22dfc"><testcase classname="tests.test_iteration13_qc_payment_profile_auth" name="test_admin_login_sets_httponly_cookies" time="0.747" /><testcase classname="tests.test_iteration13_qc_payment_profile_auth" name="test_auth_preflight_allows_origin_with_credentials" time="0.164"><failure message="AssertionError: Disallowed CORS origin&#10;assert 400 in [200, 204]&#10; +  where 400 = &lt;Response [400]&gt;.status_code">backend/tests/test_iteration13_qc_payment_profile_auth.py:34: in test_auth_preflight_allows_origin_with_credentials
    assert preflight.status_code in [200, 204], preflight.text
E   AssertionError: Disallowed CORS origin
E   assert 400 in [200, 204]
E    +  where 400 = &lt;Response [400]&gt;.status_code</failure></testcase><testcase classname="tests.test_iteration13_qc_payment_profile_auth" name="test_bruteforce_lockout_after_five_failures" time="3.460" /><testcase classname="tests.test_iteration13_qc_payment_profile_auth" name="test_seeded_admin_hash_uses_bcrypt_prefix_2b" time="0.192" /><testcase classname="tests.test_iteration13_qc_payment_profile_auth" name="test_product_qc_create_update_and_customer_visibility" time="0.986" /><testcase classname="tests.test_iteration13_qc_payment_profile_auth" name="test_payment_settings_upi_validation_persistence_and_restore" time="1.543" /><testcase classname="tests.test_iteration13_qc_payment_profile_auth" name="test_seed_admin_update_logic_present_in_source" time="0.002" /></testsuite></testsuites>