<?xml version="1.0" encoding="utf-8"?><testsuites name="pytest tests"><testsuite name="pytest" errors="0" failures="1" skipped="0" tests="4" time="10.949" timestamp="2026-09-23T03:18:11.572065+00:00" hostname="agent-env-e0f5df82-8b9e-473e-a09e-a8c463c22dfc"><testcase classname="tests.test_iteration10_email_login_lockout_regression" name="test_customer_login_reliably_succeeds_multiple_times" time="2.686" /><testcase classname="tests.test_iteration10_email_login_lockout_regression" name="test_admin_login_and_dashboard_access" time="0.689" /><testcase classname="tests.test_iteration10_email_login_lockout_regression" name="test_lockout_then_correct_password_succeeds_and_clears_attempts" time="4.598" /><testcase classname="tests.test_iteration10_email_login_lockout_regression" name="test_auth_preflight_origin_header_is_explicit" time="0.261"><failure message="AssertionError: assert None == 'https://dashboard-design-20.preview.emergentagent.com'&#10; +  where None = get('access-control-allow-origin')&#10; +    where get = {'Date': 'Wed, 23 Sep 2026 03:18:21 GMT', 'Content-Type': 'text/plain; charset=utf-8', 'Content-Length': '22', 'Connection': 'keep-alive', 'CF-Ray': 'a3f666d2d9490ea2-ORD', 'CF-Cache-Status': 'DYNAMIC', 'Cache-Control': 'no-store, no-cache, must-revalidate', 'Server': 'cloudflare', 'Vary': 'Origin', 'Via': '1.1 google', 'access-control-allow-credentials': 'true', 'access-control-allow-headers': 'Accept, Accept-Language, Authorization, Content-Language, Content-Type', 'access-control-allow-methods': 'GET, POST, PUT, PATCH, DELETE', 'access-control-max-age': '600', 'set-cookie': '__cf_bm=Y4mynN0HCp6QIQ_lCTGz5SWDP0b1kUkMNxMqgt.DdhQ-1790133501.8995483-1.0.1.1-FnE4dWzc3jWRGh1sq_5WBmz1GSfLQMmPr0o39yLiz2KAlW4Qt08SSLZtMe4xezsXFNPBUyVTVqzLc4ENIn_.dzMDHRHXUr5Rcf5_W5s73.9rxiWOkXv0K6buYRlWi1fd; HttpOnly; SameSite=None; Secure; Path=/; Domain=preview.emergentagent.com; Expires=Wed, 23 Sep 2026 03:48:21 GMT', 'X-Robots-Tag': 'noindex, nofollow'}.get&#10; +      where {'Date': 'Wed, 23 Sep 2026 03:18:21 GMT', 'Content-Type': 'text/plain; charset=utf-8', 'Content-Length': '22', 'Connection': 'keep-alive', 'CF-Ray': 'a3f666d2d9490ea2-ORD', 'CF-Cache-Status': 'DYNAMIC', 'Cache-Control': 'no-store, no-cache, must-revalidate', 'Server': 'cloudflare', 'Vary': 'Origin', 'Via': '1.1 google', 'access-control-allow-credentials': 'true', 'access-control-allow-headers': 'Accept, Accept-Language, Authorization, Content-Language, Content-Type', 'access-control-allow-methods': 'GET, POST, PUT, PATCH, DELETE', 'access-control-max-age': '600', 'set-cookie': '__cf_bm=Y4mynN0HCp6QIQ_lCTGz5SWDP0b1kUkMNxMqgt.DdhQ-1790133501.8995483-1.0.1.1-FnE4dWzc3jWRGh1sq_5WBmz1GSfLQMmPr0o39yLiz2KAlW4Qt08SSLZtMe4xezsXFNPBUyVTVqzLc4ENIn_.dzMDHRHXUr5Rcf5_W5s73.9rxiWOkXv0K6buYRlWi1fd; HttpOnly; SameSite=None; Secure; Path=/; Domain=preview.emergentagent.com; Expires=Wed, 23 Sep 2026 03:48:21 GMT', 'X-Robots-Tag': 'noindex, nofollow'} = &lt;Response [400]&gt;.headers">backend/tests/test_iteration10_email_login_lockout_regression.py:151: in test_auth_preflight_origin_header_is_explicit
    assert response.headers.get("access-control-allow-origin") == "https://dashboard-design-20.preview.emergentagent.com"
E   AssertionError: assert None == 'https://dashboard-design-20.preview.emergentagent.com'
E    +  where None = get('access-control-allow-origin')
E    +    where get = {'Date': 'Wed, 23 Sep 2026 03:18:21 GMT', 'Content-Type': 'text/plain; charset=utf-8', 'Content-Length': '22', 'Connection': 'keep-alive', 'CF-Ray': 'a3f666d2d9490ea2-ORD', 'CF-Cache-Status': 'DYNAMIC', 'Cache-Control': 'no-store, no-cache, must-revalidate', 'Server': 'cloudflare', 'Vary': 'Origin', 'Via': '1.1 google', 'access-control-allow-credentials': 'true', 'access-control-allow-headers': 'Accept, Accept-Language, Authorization, Content-Language, Content-Type', 'access-control-allow-methods': 'GET, POST, PUT, PATCH, DELETE', 'access-control-max-age': '600', 'set-cookie': '__cf_bm=Y4mynN0HCp6QIQ_lCTGz5SWDP0b1kUkMNxMqgt.DdhQ-1790133501.8995483-1.0.1.1-FnE4dWzc3jWRGh1sq_5WBmz1GSfLQMmPr0o39yLiz2KAlW4Qt08SSLZtMe4xezsXFNPBUyVTVqzLc4ENIn_.dzMDHRHXUr5Rcf5_W5s73.9rxiWOkXv0K6buYRlWi1fd; HttpOnly; SameSite=None; Secure; Path=/; Domain=preview.emergentagent.com; Expires=Wed, 23 Sep 2026 03:48:21 GMT', 'X-Robots-Tag': 'noindex, nofollow'}.get
E    +      where {'Date': 'Wed, 23 Sep 2026 03:18:21 GMT', 'Content-Type': 'text/plain; charset=utf-8', 'Content-Length': '22', 'Connection': 'keep-alive', 'CF-Ray': 'a3f666d2d9490ea2-ORD', 'CF-Cache-Status': 'DYNAMIC', 'Cache-Control': 'no-store, no-cache, must-revalidate', 'Server': 'cloudflare', 'Vary': 'Origin', 'Via': '1.1 google', 'access-control-allow-credentials': 'true', 'access-control-allow-headers': 'Accept, Accept-Language, Authorization, Content-Language, Content-Type', 'access-control-allow-methods': 'GET, POST, PUT, PATCH, DELETE', 'access-control-max-age': '600', 'set-cookie': '__cf_bm=Y4mynN0HCp6QIQ_lCTGz5SWDP0b1kUkMNxMqgt.DdhQ-1790133501.8995483-1.0.1.1-FnE4dWzc3jWRGh1sq_5WBmz1GSfLQMmPr0o39yLiz2KAlW4Qt08SSLZtMe4xezsXFNPBUyVTVqzLc4ENIn_.dzMDHRHXUr5Rcf5_W5s73.9rxiWOkXv0K6buYRlWi1fd; HttpOnly; SameSite=None; Secure; Path=/; Domain=preview.emergentagent.com; Expires=Wed, 23 Sep 2026 03:48:21 GMT', 'X-Robots-Tag': 'noindex, nofollow'} = &lt;Response [400]&gt;.headers</failure></testcase></testsuite></testsuites>